20260615 15:58:42.766[INFO][PID:8464 TID:35284][CWindowWnd::__WndProc, 498]: splash_dlg : 0A486730 Begin
20260615 15:58:42.780[INFO][PID:8464 TID:35284][CWindowWnd::~CWindowWnd, 234]: ~CWindowWnd : 0A486730 End
20260615 15:58:43.072[INFO][PID:8464 TID:35284][CWindowWnd::__WndProc, 498]: login_dlg : 0EB9EE30 Begin
20260615 15:59:14.085[INFO][PID:8464 TID:35284][CWindowWnd::~CWindowWnd, 234]: ~CWindowWnd : 1000B500 End
20260615 15:59:14.539[INFO][PID:8464 TID:35284][CWindowWnd::__WndProc, 498]: alert_main_view : 2158A05C Begin
20260615 15:59:14.840[INFO][PID:8464 TID:35284][CWindowWnd::__WndProc, 510]: login_dlg : 0EB9EE30 End
20260615 15:59:14.841[INFO][PID:8464 TID:35284][CWindowWnd::~CWindowWnd, 234]: ~CWindowWnd : 0EB9EE30 End
20260615 15:59:17.841[INFO][PID:8464 TID:35284][CWindowWnd::__WndProc, 498]: JJGG_browser_wnd : 0EC9DC30 Begin
20260615 15:59:23.162[INFO][PID:8464 TID:35284][CWindowWnd::__WndProc, 510]: JJGG_browser_wnd : 0EC9DC30 End
20260615 16:15:02.405[INFO][PID:8464 TID:35284][CWindowWnd::__WndProc, 498]: quit_dlg : 001BF314 Begin
20260615 16:16:21.457[INFO][PID:37848 TID:2724][CWindowWnd::__WndProc, 498]: splash_dlg : 0A8B38A0 Begin
20260615 16:16:21.472[INFO][PID:37848 TID:2724][CWindowWnd::~CWindowWnd, 234]: ~CWindowWnd : 0A8B38A0 End
20260615 16:16:21.794[INFO][PID:37848 TID:2724][CWindowWnd::__WndProc, 498]: login_dlg : 104C3848 Begin
20260615 16:16:25.462[INFO][PID:37848 TID:2724][CWindowWnd::~CWindowWnd, 234]: ~CWindowWnd : 0AB63E68 End
20260615 16:16:25.918[INFO][PID:37848 TID:2724][CWindowWnd::__WndProc, 498]: alert_main_view : 0F4CA0C4 Begin
20260615 16:16:26.232[INFO][PID:37848 TID:2724][CWindowWnd::__WndProc, 510]: login_dlg : 104C3848 End
20260615 16:16:26.232[INFO][PID:37848 TID:2724][CWindowWnd::~CWindowWnd, 234]: ~CWindowWnd : 104C3848 End
20260615 16:16:29.102[INFO][PID:37848 TID:2724][CWindowWnd::__WndProc, 498]: JJGG_browser_wnd : 0F3DB698 Begin
20260615 16:16:32.040[INFO][PID:37848 TID:2724][CWindowWnd::__WndProc, 498]: stock_info_dlg : 0EC5F260 Begin
20260615 16:16:33.591[INFO][PID:37848 TID:2724][CWindowWnd::__WndProc, 498]: stock_info_dlg : 0EC616A0 Begin
20260615 16:16:35.700[INFO][PID:37848 TID:2724][CWindowWnd::__WndProc, 498]: stock_info_dlg : 0EC60908 Begin
20260615 16:16:58.934[INFO][PID:37848 TID:2724][CWindowWnd::__WndProc, 510]: JJGG_browser_wnd : 0F3DB698 End
20260615 16:17:28.967[INFO][PID:37848 TID:2724][CWindowWnd::__WndProc, 498]: quit_dlg : 036FF68C Begin
20260615 16:17:48.275[INFO][PID:38252 TID:37204][CWindowWnd::__WndProc, 498]: splash_dlg : 0A7530D0 Begin
20260615 16:17:48.289[INFO][PID:38252 TID:37204][CWindowWnd::~CWindowWnd, 234]: ~CWindowWnd : 0A7530D0 End
20260615 16:17:48.597[INFO][PID:38252 TID:37204][CWindowWnd::__WndProc, 498]: login_dlg : 0AAED0C0 Begin
20260615 16:17:53.102[INFO][PID:38252 TID:37204][CWindowWnd::~CWindowWnd, 234]: ~CWindowWnd : 153FC1F0 End
20260615 16:17:54.265[INFO][PID:38252 TID:37204][CWindowWnd::__WndProc, 498]: alert_main_view : 20E43C3C Begin
20260615 16:17:54.582[INFO][PID:38252 TID:37204][CWindowWnd::__WndProc, 510]: login_dlg : 0AAED0C0 End
20260615 16:17:54.582[INFO][PID:38252 TID:37204][CWindowWnd::~CWindowWnd, 234]: ~CWindowWnd : 0AAED0C0 End
20260615 16:17:57.626[INFO][PID:38252 TID:37204][CWindowWnd::__WndProc, 498]: JJGG_browser_wnd : 0F56A3C8 Begin
20260615 16:22:48.215[INFO][PID:38252 TID:37204][CWindowWnd::__WndProc, 498]: block_list_page : 2BEF8B78 Begin
20260615 16:23:07.940[INFO][PID:38252 TID:37204][CWindowWnd::__WndProc, 498]: quit_dlg : 036FF08C Begin
20260615 16:23:56.435[INFO][PID:19128 TID:2632][CWindowWnd::__WndProc, 498]: splash_dlg : 0A22E108 Begin
20260615 16:23:56.447[INFO][PID:19128 TID:2632][CWindowWnd::~CWindowWnd, 234]: ~CWindowWnd : 0A22E108 End
20260615 16:23:56.776[INFO][PID:19128 TID:2632][CWindowWnd::__WndProc, 498]: login_dlg : 15AD1B20 Begin
20260615 16:24:00.528[INFO][PID:19128 TID:2632][CWindowWnd::~CWindowWnd, 234]: ~CWindowWnd : 06FCE520 End
20260615 16:24:01.022[INFO][PID:19128 TID:2632][CWindowWnd::__WndProc, 498]: alert_main_view : 1048E4BC Begin
20260615 16:24:01.339[INFO][PID:19128 TID:2632][CWindowWnd::__WndProc, 510]: login_dlg : 15AD1B20 End
20260615 16:24:01.340[INFO][PID:19128 TID:2632][CWindowWnd::~CWindowWnd, 234]: ~CWindowWnd : 15AD1B20 End
20260615 16:24:03.562[INFO][PID:19128 TID:2632][CWindowWnd::__WndProc, 498]: stock_info_dlg : 0F19E898 Begin
20260615 16:24:03.572[INFO][PID:19128 TID:2632][CWindowWnd::__WndProc, 498]: stock_info_dlg : 0F19BFD0 Begin
20260615 16:24:04.526[INFO][PID:19128 TID:2632][CWindowWnd::__WndProc, 498]: JJGG_browser_wnd : 2BA5F650 Begin
20260615 16:24:10.809[INFO][PID:19128 TID:2632][CWindowWnd::__WndProc, 510]: JJGG_browser_wnd : 2BA5F650 End
20260615 16:24:18.960[INFO][PID:19128 TID:2632][CWindowWnd::__WndProc, 498]: block_list_page : 10001C28 Begin
20260615 16:27:43.070[INFO][PID:19128 TID:2632][CWindowWnd::__WndProc, 498]: quit_dlg : 036FF284 Begin
20260615 16:28:18.401[INFO][PID:39140 TID:34016][CWindowWnd::__WndProc, 498]: splash_dlg : 0A130F38 Begin
20260615 16:28:18.415[INFO][PID:39140 TID:34016][CWindowWnd::~CWindowWnd, 234]: ~CWindowWnd : 0A130F38 End
20260615 16:28:18.715[INFO][PID:39140 TID:34016][CWindowWnd::__WndProc, 498]: login_dlg : 0FA70608 Begin
20260615 16:31:00.389[INFO][PID:39140 TID:34016][CWindowWnd::~CWindowWnd, 234]: ~CWindowWnd : 109FF1B8 End
20260615 16:31:00.864[INFO][PID:39140 TID:34016][CWindowWnd::__WndProc, 498]: alert_main_view : 17E4F83C Begin
20260615 16:31:01.199[INFO][PID:39140 TID:34016][CWindowWnd::__WndProc, 510]: login_dlg : 0FA70608 End
20260615 16:31:01.200[INFO][PID:39140 TID:34016][CWindowWnd::~CWindowWnd, 234]: ~CWindowWnd : 0FA70608 End
20260615 16:31:04.237[INFO][PID:39140 TID:34016][CWindowWnd::__WndProc, 498]: stock_info_dlg : 0FA1C8B0 Begin
20260615 16:31:04.247[INFO][PID:39140 TID:34016][CWindowWnd::__WndProc, 498]: stock_info_dlg : 0FA1CD38 Begin
20260615 16:31:05.887[INFO][PID:39140 TID:34016][CWindowWnd::__WndProc, 498]: JJGG_browser_wnd : 0A24D860 Begin
20260615 16:31:13.194[INFO][PID:39140 TID:34016][CWindowWnd::__WndProc, 498]: block_list_page : 22B83848 Begin
20260615 16:31:26.630[INFO][PID:39140 TID:34016][CWindowWnd::__WndProc, 498]: quit_dlg : 036FEB84 Begin
20260615 16:31:26.660[INFO][PID:39140 TID:34016][CWindowWnd::__WndProc, 510]: JJGG_browser_wnd : 0A24D860 End
20260615 16:31:27.920[INFO][PID:39140 TID:34016][CWindowWnd::__WndProc, 510]: quit_dlg : 036FEB84 End
20260615 16:31:27.921[INFO][PID:39140 TID:34016][CWindowWnd::~CWindowWnd, 234]: ~CWindowWnd : 036FEB84 End
20260615 16:36:09.920[INFO][PID:37800 TID:8968][CWindowWnd::__WndProc, 498]: splash_dlg : 0A0211E0 Begin
20260615 16:36:09.932[INFO][PID:37800 TID:8968][CWindowWnd::~CWindowWnd, 234]: ~CWindowWnd : 0A0211E0 End
20260615 16:36:10.229[INFO][PID:37800 TID:8968][CWindowWnd::__WndProc, 498]: login_dlg : 10396340 Begin
20260615 16:36:29.299[INFO][PID:37800 TID:8968][CWindowWnd::~CWindowWnd, 234]: ~CWindowWnd : 102D5DB8 End
20260615 16:36:29.774[INFO][PID:37800 TID:8968][CWindowWnd::__WndProc, 498]: alert_main_view : 17B8393C Begin
20260615 16:36:30.094[INFO][PID:37800 TID:8968][CWindowWnd::__WndProc, 510]: login_dlg : 10396340 End
20260615 16:36:30.094[INFO][PID:37800 TID:8968][CWindowWnd::~CWindowWnd, 234]: ~CWindowWnd : 10396340 End
20260615 16:36:33.222[INFO][PID:37800 TID:8968][CWindowWnd::__WndProc, 498]: JJGG_browser_wnd : 2358BC28 Begin
20260615 16:36:36.175[INFO][PID:37800 TID:8968][CWindowWnd::__WndProc, 498]: multi_block_view : 0FE0FC24 Begin
20260615 16:36:36.175[INFO][PID:37800 TID:8968][CWindowWnd::__WndProc, 498]: multi_block_legend_view : 0EA35854 Begin
20260615 16:36:38.370[INFO][PID:37800 TID:8968][CWindowWnd::__WndProc, 498]: block_list_page : 231CF360 Begin
20260615 16:37:19.972[INFO][PID:37800 TID:8968][CWindowWnd::__WndProc, 498]: quit_dlg : 033DEFAC Begin
20260615 16:38:57.645[INFO][PID:27872 TID:26020][CWindowWnd::__WndProc, 498]: splash_dlg : 0A779648 Begin
20260615 16:38:57.657[INFO][PID:27872 TID:26020][CWindowWnd::~CWindowWnd, 234]: ~CWindowWnd : 0A779648 End
20260615 16:38:57.997[INFO][PID:27872 TID:26020][CWindowWnd::__WndProc, 498]: login_dlg : 10767818 Begin
20260615 16:39:30.598[INFO][PID:27872 TID:26020][CWindowWnd::~CWindowWnd, 234]: ~CWindowWnd : 105CE5D8 End
20260615 16:39:31.072[INFO][PID:27872 TID:26020][CWindowWnd::__WndProc, 498]: alert_main_view : 14FB4BCC Begin
20260615 16:39:31.408[INFO][PID:27872 TID:26020][CWindowWnd::__WndProc, 510]: login_dlg : 10767818 End
20260615 16:39:31.409[INFO][PID:27872 TID:26020][CWindowWnd::~CWindowWnd, 234]: ~CWindowWnd : 10767818 End
20260615 16:39:35.938[INFO][PID:27872 TID:26020][CWindowWnd::__WndProc, 498]: block_list_page : 157BCC20 Begin
20260615 16:39:37.700[INFO][PID:27872 TID:26020][CWindowWnd::__WndProc, 498]: JJGG_browser_wnd : 15852C30 Begin
20260615 16:39:49.094[INFO][PID:27872 TID:26020][CWindowWnd::__WndProc, 510]: JJGG_browser_wnd : 15852C30 End
